<?xml version="1.0" encoding="UTF-8"?>
<testng-results skipped="0" failed="0" total="1" passed="1">
  <reporter-output>
  </reporter-output>
  <suite name="Default suite" duration-ms="15463" started-at="2019-03-02T17:29:34Z" finished-at="2019-03-02T17:29:49Z">
    <groups>
    </groups>
    <test name="Default test" duration-ms="15463" started-at="2019-03-02T17:29:34Z" finished-at="2019-03-02T17:29:49Z">
      <class name="Experiment2">
        <test-method status="PASS" signature="fTets()[pri:0, instance:Experiment2@61a52fbd]" name="fTets" duration-ms="15385" started-at="2019-03-02T12:29:34Z" finished-at="2019-03-02T12:29:49Z">
          <reporter-output>
          </reporter-output>
        </test-method> <!-- fTets -->
      </class> <!-- Experiment2 -->
    </test> <!-- Default test -->
  </suite> <!-- Default suite -->
</testng-results>
